<?xml version="1.0" encoding="UTF-8"?>
<!-- Generated by org.testng.reporters.JUnitReportReporter -->
<testsuite hostname="LAPTOP-9O8JEIP5" failures="0" tests="1" name="testRunner.Runner" time="8.013" errors="0" timestamp="2025-03-27T21:39:36 GMT" skipped="0">
  <testcase classname="testRunner.Runner" name="runScenario" time="8.013"/>
  <system-out/>
</testsuite> <!-- testRunner.Runner -->
